mode: atomic
github.com/usdigitalresponse/usdr-gost/grants_ingest_pipeline/code/gosrc/cmd/download_grants_gov_db/handler.go:22.45,27.2 1 12
github.com/usdigitalresponse/usdr-gost/grants_ingest_pipeline/code/gosrc/cmd/download_grants_gov_db/handler.go:29.52,31.2 1 9
github.com/usdigitalresponse/usdr-gost/grants_ingest_pipeline/code/gosrc/cmd/download_grants_gov_db/handler.go:33.88,34.76 1 3
github.com/usdigitalresponse/usdr-gost/grants_ingest_pipeline/code/gosrc/cmd/download_grants_gov_db/handler.go:37.2,46.16 4 3
github.com/usdigitalresponse/usdr-gost/grants_ingest_pipeline/code/gosrc/cmd/download_grants_gov_db/handler.go:50.2,51.16 2 3
github.com/usdigitalresponse/usdr-gost/grants_ingest_pipeline/code/gosrc/cmd/download_grants_gov_db/handler.go:55.2,56.28 2 3
github.com/usdigitalresponse/usdr-gost/grants_ingest_pipeline/code/gosrc/cmd/download_grants_gov_db/handler.go:61.2,70.16 4 2
github.com/usdigitalresponse/usdr-gost/grants_ingest_pipeline/code/gosrc/cmd/download_grants_gov_db/handler.go:74.2,76.12 2 1
github.com/usdigitalresponse/usdr-gost/grants_ingest_pipeline/code/gosrc/cmd/download_grants_gov_db/handler.go:34.76,36.3 1 3
github.com/usdigitalresponse/usdr-gost/grants_ingest_pipeline/code/gosrc/cmd/download_grants_gov_db/handler.go:46.16,49.3 2 0
github.com/usdigitalresponse/usdr-gost/grants_ingest_pipeline/code/gosrc/cmd/download_grants_gov_db/handler.go:51.16,54.3 2 0
github.com/usdigitalresponse/usdr-gost/grants_ingest_pipeline/code/gosrc/cmd/download_grants_gov_db/handler.go:56.28,60.3 3 1
github.com/usdigitalresponse/usdr-gost/grants_ingest_pipeline/code/gosrc/cmd/download_grants_gov_db/handler.go:70.16,73.3 2 1
github.com/usdigitalresponse/usdr-gost/grants_ingest_pipeline/code/gosrc/cmd/download_grants_gov_db/main.go:28.13,30.16 2 0
github.com/usdigitalresponse/usdr-gost/grants_ingest_pipeline/code/gosrc/cmd/download_grants_gov_db/main.go:33.2,36.91 4 0
github.com/usdigitalresponse/usdr-gost/grants_ingest_pipeline/code/gosrc/cmd/download_grants_gov_db/main.go:30.16,32.3 1 0
github.com/usdigitalresponse/usdr-gost/grants_ingest_pipeline/code/gosrc/cmd/download_grants_gov_db/main.go:36.91,38.17 2 0
github.com/usdigitalresponse/usdr-gost/grants_ingest_pipeline/code/gosrc/cmd/download_grants_gov_db/main.go:41.3,43.43 3 0
github.com/usdigitalresponse/usdr-gost/grants_ingest_pipeline/code/gosrc/cmd/download_grants_gov_db/main.go:38.17,40.4 1 0
github.com/usdigitalresponse/usdr-gost/grants_ingest_pipeline/code/gosrc/cmd/split_grants_gov_xml_db/handler.go:31.44,33.2 1 6
github.com/usdigitalresponse/usdr-gost/grants_ingest_pipeline/code/gosrc/cmd/split_grants_gov_xml_db/handler.go:46.97,48.53 1 7
github.com/usdigitalresponse/usdr-gost/grants_ingest_pipeline/code/gosrc/cmd/split_grants_gov_xml_db/handler.go:54.2,58.48 3 7
github.com/usdigitalresponse/usdr-gost/grants_ingest_pipeline/code/gosrc/cmd/split_grants_gov_xml_db/handler.go:69.2,70.41 2 7
github.com/usdigitalresponse/usdr-gost/grants_ingest_pipeline/code/gosrc/cmd/split_grants_gov_xml_db/handler.go:100.2,107.42 4 7
github.com/usdigitalresponse/usdr-gost/grants_ingest_pipeline/code/gosrc/cmd/split_grants_gov_xml_db/handler.go:123.2,123.12 1 2
github.com/usdigitalresponse/usdr-gost/grants_ingest_pipeline/code/gosrc/cmd/split_grants_gov_xml_db/handler.go:48.53,50.3 1 7
github.com/usdigitalresponse/usdr-gost/grants_ingest_pipeline/code/gosrc/cmd/split_grants_gov_xml_db/handler.go:58.48,59.22 1 7
github.com/usdigitalresponse/usdr-gost/grants_ingest_pipeline/code/gosrc/cmd/split_grants_gov_xml_db/handler.go:59.22,61.4 1 7
github.com/usdigitalresponse/usdr-gost/grants_ingest_pipeline/code/gosrc/cmd/split_grants_gov_xml_db/handler.go:70.41,71.56 1 8
github.com/usdigitalresponse/usdr-gost/grants_ingest_pipeline/code/gosrc/cmd/split_grants_gov_xml_db/handler.go:71.56,73.17 2 8
github.com/usdigitalresponse/usdr-gost/grants_ingest_pipeline/code/gosrc/cmd/split_grants_gov_xml_db/handler.go:75.4,82.18 6 8
github.com/usdigitalresponse/usdr-gost/grants_ingest_pipeline/code/gosrc/cmd/split_grants_gov_xml_db/handler.go:87.4,87.67 1 6
github.com/usdigitalresponse/usdr-gost/grants_ingest_pipeline/code/gosrc/cmd/split_grants_gov_xml_db/handler.go:93.4,94.14 2 4
github.com/usdigitalresponse/usdr-gost/grants_ingest_pipeline/code/gosrc/cmd/split_grants_gov_xml_db/handler.go:73.17,73.52 1 8
github.com/usdigitalresponse/usdr-gost/grants_ingest_pipeline/code/gosrc/cmd/split_grants_gov_xml_db/handler.go:82.18,86.5 3 2
github.com/usdigitalresponse/usdr-gost/grants_ingest_pipeline/code/gosrc/cmd/split_grants_gov_xml_db/handler.go:87.67,91.5 3 2
github.com/usdigitalresponse/usdr-gost/grants_ingest_pipeline/code/gosrc/cmd/split_grants_gov_xml_db/handler.go:107.42,109.26 2 5
github.com/usdigitalresponse/usdr-gost/grants_ingest_pipeline/code/gosrc/cmd/split_grants_gov_xml_db/handler.go:112.3,112.28 1 5
github.com/usdigitalresponse/usdr-gost/grants_ingest_pipeline/code/gosrc/cmd/split_grants_gov_xml_db/handler.go:115.3,119.13 2 5
github.com/usdigitalresponse/usdr-gost/grants_ingest_pipeline/code/gosrc/cmd/split_grants_gov_xml_db/handler.go:109.26,111.4 1 5
github.com/usdigitalresponse/usdr-gost/grants_ingest_pipeline/code/gosrc/cmd/split_grants_gov_xml_db/handler.go:112.28,114.4 1 2
github.com/usdigitalresponse/usdr-gost/grants_ingest_pipeline/code/gosrc/cmd/split_grants_gov_xml_db/handler.go:130.87,134.6 3 6
github.com/usdigitalresponse/usdr-gost/grants_ingest_pipeline/code/gosrc/cmd/split_grants_gov_xml_db/handler.go:165.2,167.12 3 4
github.com/usdigitalresponse/usdr-gost/grants_ingest_pipeline/code/gosrc/cmd/split_grants_gov_xml_db/handler.go:134.6,136.35 1 33
github.com/usdigitalresponse/usdr-gost/grants_ingest_pipeline/code/gosrc/cmd/split_grants_gov_xml_db/handler.go:142.3,143.17 2 33
github.com/usdigitalresponse/usdr-gost/grants_ingest_pipeline/code/gosrc/cmd/split_grants_gov_xml_db/handler.go:154.3,155.56 2 28
github.com/usdigitalresponse/usdr-gost/grants_ingest_pipeline/code/gosrc/cmd/split_grants_gov_xml_db/handler.go:136.35,140.4 3 0
github.com/usdigitalresponse/usdr-gost/grants_ingest_pipeline/code/gosrc/cmd/split_grants_gov_xml_db/handler.go:143.17,144.21 1 5
github.com/usdigitalresponse/usdr-gost/grants_ingest_pipeline/code/gosrc/cmd/split_grants_gov_xml_db/handler.go:148.4,150.14 3 1
github.com/usdigitalresponse/usdr-gost/grants_ingest_pipeline/code/gosrc/cmd/split_grants_gov_xml_db/handler.go:144.21,146.10 1 4
github.com/usdigitalresponse/usdr-gost/grants_ingest_pipeline/code/gosrc/cmd/split_grants_gov_xml_db/handler.go:155.56,157.61 2 7
github.com/usdigitalresponse/usdr-gost/grants_ingest_pipeline/code/gosrc/cmd/split_grants_gov_xml_db/handler.go:162.4,162.21 1 6
github.com/usdigitalresponse/usdr-gost/grants_ingest_pipeline/code/gosrc/cmd/split_grants_gov_xml_db/handler.go:157.61,161.5 3 1
github.com/usdigitalresponse/usdr-gost/grants_ingest_pipeline/code/gosrc/cmd/split_grants_gov_xml_db/handler.go:175.100,178.31 2 7
github.com/usdigitalresponse/usdr-gost/grants_ingest_pipeline/code/gosrc/cmd/split_grants_gov_xml_db/handler.go:188.2,188.6 1 7
github.com/usdigitalresponse/usdr-gost/grants_ingest_pipeline/code/gosrc/cmd/split_grants_gov_xml_db/handler.go:178.31,184.3 5 1
github.com/usdigitalresponse/usdr-gost/grants_ingest_pipeline/code/gosrc/cmd/split_grants_gov_xml_db/handler.go:188.6,189.10 1 13
github.com/usdigitalresponse/usdr-gost/grants_ingest_pipeline/code/gosrc/cmd/split_grants_gov_xml_db/handler.go:190.21,191.25 1 1
github.com/usdigitalresponse/usdr-gost/grants_ingest_pipeline/code/gosrc/cmd/split_grants_gov_xml_db/handler.go:193.11,194.11 1 12
github.com/usdigitalresponse/usdr-gost/grants_ingest_pipeline/code/gosrc/cmd/split_grants_gov_xml_db/handler.go:195.33,196.12 1 12
github.com/usdigitalresponse/usdr-gost/grants_ingest_pipeline/code/gosrc/cmd/split_grants_gov_xml_db/handler.go:202.5,204.19 3 6
github.com/usdigitalresponse/usdr-gost/grants_ingest_pipeline/code/gosrc/cmd/split_grants_gov_xml_db/handler.go:207.5,207.43 1 6
github.com/usdigitalresponse/usdr-gost/grants_ingest_pipeline/code/gosrc/cmd/split_grants_gov_xml_db/handler.go:209.22,210.26 1 0
github.com/usdigitalresponse/usdr-gost/grants_ingest_pipeline/code/gosrc/cmd/split_grants_gov_xml_db/handler.go:196.12,200.6 3 6
github.com/usdigitalresponse/usdr-gost/grants_ingest_pipeline/code/gosrc/cmd/split_grants_gov_xml_db/handler.go:204.19,206.6 1 1
github.com/usdigitalresponse/usdr-gost/grants_ingest_pipeline/code/gosrc/cmd/split_grants_gov_xml_db/handler.go:221.85,226.16 3 6
github.com/usdigitalresponse/usdr-gost/grants_ingest_pipeline/code/gosrc/cmd/split_grants_gov_xml_db/handler.go:230.2,237.16 6 5
github.com/usdigitalresponse/usdr-gost/grants_ingest_pipeline/code/gosrc/cmd/split_grants_gov_xml_db/handler.go:241.2,242.31 2 5
github.com/usdigitalresponse/usdr-gost/grants_ingest_pipeline/code/gosrc/cmd/split_grants_gov_xml_db/handler.go:252.2,253.16 2 3
github.com/usdigitalresponse/usdr-gost/grants_ingest_pipeline/code/gosrc/cmd/split_grants_gov_xml_db/handler.go:258.2,258.97 1 3
github.com/usdigitalresponse/usdr-gost/grants_ingest_pipeline/code/gosrc/cmd/split_grants_gov_xml_db/handler.go:263.2,264.12 2 3
github.com/usdigitalresponse/usdr-gost/grants_ingest_pipeline/code/gosrc/cmd/split_grants_gov_xml_db/handler.go:226.16,229.3 2 1
github.com/usdigitalresponse/usdr-gost/grants_ingest_pipeline/code/gosrc/cmd/split_grants_gov_xml_db/handler.go:237.16,240.3 2 0
github.com/usdigitalresponse/usdr-gost/grants_ingest_pipeline/code/gosrc/cmd/split_grants_gov_xml_db/handler.go:242.31,243.45 1 3
github.com/usdigitalresponse/usdr-gost/grants_ingest_pipeline/code/gosrc/cmd/split_grants_gov_xml_db/handler.go:247.3,247.87 1 1
github.com/usdigitalresponse/usdr-gost/grants_ingest_pipeline/code/gosrc/cmd/split_grants_gov_xml_db/handler.go:243.45,246.4 2 2
github.com/usdigitalresponse/usdr-gost/grants_ingest_pipeline/code/gosrc/cmd/split_grants_gov_xml_db/handler.go:248.8,250.3 1 2
github.com/usdigitalresponse/usdr-gost/grants_ingest_pipeline/code/gosrc/cmd/split_grants_gov_xml_db/handler.go:253.16,256.3 2 0
github.com/usdigitalresponse/usdr-gost/grants_ingest_pipeline/code/gosrc/cmd/split_grants_gov_xml_db/handler.go:258.97,261.3 2 0
github.com/usdigitalresponse/usdr-gost/grants_ingest_pipeline/code/gosrc/cmd/split_grants_gov_xml_db/main.go:28.13,30.16 2 0
github.com/usdigitalresponse/usdr-gost/grants_ingest_pipeline/code/gosrc/cmd/split_grants_gov_xml_db/main.go:33.2,36.93 3 0
github.com/usdigitalresponse/usdr-gost/grants_ingest_pipeline/code/gosrc/cmd/split_grants_gov_xml_db/main.go:30.16,32.3 1 0
github.com/usdigitalresponse/usdr-gost/grants_ingest_pipeline/code/gosrc/cmd/split_grants_gov_xml_db/main.go:36.93,38.17 2 0
github.com/usdigitalresponse/usdr-gost/grants_ingest_pipeline/code/gosrc/cmd/split_grants_gov_xml_db/main.go:41.3,43.52 3 0
github.com/usdigitalresponse/usdr-gost/grants_ingest_pipeline/code/gosrc/cmd/split_grants_gov_xml_db/main.go:38.17,40.4 1 0
github.com/usdigitalresponse/usdr-gost/grants_ingest_pipeline/code/gosrc/cmd/split_grants_gov_xml_db/s3.go:34.111,38.16 2 8
github.com/usdigitalresponse/usdr-gost/grants_ingest_pipeline/code/gosrc/cmd/split_grants_gov_xml_db/s3.go:45.2,45.37 1 4
github.com/usdigitalresponse/usdr-gost/grants_ingest_pipeline/code/gosrc/cmd/split_grants_gov_xml_db/s3.go:38.16,40.84 2 4
github.com/usdigitalresponse/usdr-gost/grants_ingest_pipeline/code/gosrc/cmd/split_grants_gov_xml_db/s3.go:43.3,43.18 1 1
github.com/usdigitalresponse/usdr-gost/grants_ingest_pipeline/code/gosrc/cmd/split_grants_gov_xml_db/s3.go:40.84,42.4 1 3
github.com/usdigitalresponse/usdr-gost/grants_ingest_pipeline/code/gosrc/cmd/split_grants_gov_xml_db/s3.go:51.99,59.2 2 5
github.com/usdigitalresponse/usdr-gost/grants_ingest_pipeline/code/gosrc/cmd/split_grants_gov_xml_db/s3.go:80.128,85.16 2 10
github.com/usdigitalresponse/usdr-gost/grants_ingest_pipeline/code/gosrc/cmd/split_grants_gov_xml_db/s3.go:89.2,97.20 2 7
github.com/usdigitalresponse/usdr-gost/grants_ingest_pipeline/code/gosrc/cmd/split_grants_gov_xml_db/s3.go:85.16,87.3 1 3
github.com/usdigitalresponse/usdr-gost/grants_ingest_pipeline/code/gosrc/cmd/split_grants_gov_xml_db/s3.go:104.55,105.22 1 40
github.com/usdigitalresponse/usdr-gost/grants_ingest_pipeline/code/gosrc/cmd/split_grants_gov_xml_db/s3.go:110.2,110.61 1 40
github.com/usdigitalresponse/usdr-gost/grants_ingest_pipeline/code/gosrc/cmd/split_grants_gov_xml_db/s3.go:143.2,145.73 3 40
github.com/usdigitalresponse/usdr-gost/grants_ingest_pipeline/code/gosrc/cmd/split_grants_gov_xml_db/s3.go:150.2,150.15 1 24
github.com/usdigitalresponse/usdr-gost/grants_ingest_pipeline/code/gosrc/cmd/split_grants_gov_xml_db/s3.go:105.22,107.3 1 0
github.com/usdigitalresponse/usdr-gost/grants_ingest_pipeline/code/gosrc/cmd/split_grants_gov_xml_db/s3.go:110.61,113.37 3 40
github.com/usdigitalresponse/usdr-gost/grants_ingest_pipeline/code/gosrc/cmd/split_grants_gov_xml_db/s3.go:116.3,121.17 2 40
github.com/usdigitalresponse/usdr-gost/grants_ingest_pipeline/code/gosrc/cmd/split_grants_gov_xml_db/s3.go:124.3,130.7 5 40
github.com/usdigitalresponse/usdr-gost/grants_ingest_pipeline/code/gosrc/cmd/split_grants_gov_xml_db/s3.go:140.3,140.28 1 40
github.com/usdigitalresponse/usdr-gost/grants_ingest_pipeline/code/gosrc/cmd/split_grants_gov_xml_db/s3.go:113.37,115.4 1 13
github.com/usdigitalresponse/usdr-gost/grants_ingest_pipeline/code/gosrc/cmd/split_grants_gov_xml_db/s3.go:121.17,123.4 1 0
github.com/usdigitalresponse/usdr-gost/grants_ingest_pipeline/code/gosrc/cmd/split_grants_gov_xml_db/s3.go:130.7,133.18 3 76
github.com/usdigitalresponse/usdr-gost/grants_ingest_pipeline/code/gosrc/cmd/split_grants_gov_xml_db/s3.go:133.18,134.22 1 40
github.com/usdigitalresponse/usdr-gost/grants_ingest_pipeline/code/gosrc/cmd/split_grants_gov_xml_db/s3.go:137.5,137.18 1 0
github.com/usdigitalresponse/usdr-gost/grants_ingest_pipeline/code/gosrc/cmd/split_grants_gov_xml_db/s3.go:134.22,135.11 1 40
github.com/usdigitalresponse/usdr-gost/grants_ingest_pipeline/code/gosrc/cmd/split_grants_gov_xml_db/s3.go:145.73,148.3 1 16
