mode: atomic
github.com/usdigitalresponse/usdr-gost/grants_ingest_pipeline/code/gosrc/cmd/download_grants_gov_db/main.go:25.13,27.16 2 0
github.com/usdigitalresponse/usdr-gost/grants_ingest_pipeline/code/gosrc/cmd/download_grants_gov_db/main.go:30.2,33.91 3 0
github.com/usdigitalresponse/usdr-gost/grants_ingest_pipeline/code/gosrc/cmd/download_grants_gov_db/main.go:27.16,29.3 1 0
github.com/usdigitalresponse/usdr-gost/grants_ingest_pipeline/code/gosrc/cmd/download_grants_gov_db/main.go:33.91,35.17 2 0
github.com/usdigitalresponse/usdr-gost/grants_ingest_pipeline/code/gosrc/cmd/download_grants_gov_db/main.go:38.3,39.43 2 0
github.com/usdigitalresponse/usdr-gost/grants_ingest_pipeline/code/gosrc/cmd/download_grants_gov_db/main.go:35.17,37.4 1 0
github.com/usdigitalresponse/usdr-gost/grants_ingest_pipeline/code/gosrc/cmd/download_grants_gov_db/handler.go:22.45,27.2 1 12
github.com/usdigitalresponse/usdr-gost/grants_ingest_pipeline/code/gosrc/cmd/download_grants_gov_db/handler.go:29.52,31.2 1 9
github.com/usdigitalresponse/usdr-gost/grants_ingest_pipeline/code/gosrc/cmd/download_grants_gov_db/handler.go:33.88,34.76 1 3
github.com/usdigitalresponse/usdr-gost/grants_ingest_pipeline/code/gosrc/cmd/download_grants_gov_db/handler.go:37.2,47.16 5 3
github.com/usdigitalresponse/usdr-gost/grants_ingest_pipeline/code/gosrc/cmd/download_grants_gov_db/handler.go:51.2,52.28 2 3
github.com/usdigitalresponse/usdr-gost/grants_ingest_pipeline/code/gosrc/cmd/download_grants_gov_db/handler.go:57.2,66.16 4 2
github.com/usdigitalresponse/usdr-gost/grants_ingest_pipeline/code/gosrc/cmd/download_grants_gov_db/handler.go:70.2,72.12 2 1
github.com/usdigitalresponse/usdr-gost/grants_ingest_pipeline/code/gosrc/cmd/download_grants_gov_db/handler.go:34.76,36.3 1 3
github.com/usdigitalresponse/usdr-gost/grants_ingest_pipeline/code/gosrc/cmd/download_grants_gov_db/handler.go:47.16,50.3 2 0
github.com/usdigitalresponse/usdr-gost/grants_ingest_pipeline/code/gosrc/cmd/download_grants_gov_db/handler.go:52.28,56.3 3 1
github.com/usdigitalresponse/usdr-gost/grants_ingest_pipeline/code/gosrc/cmd/download_grants_gov_db/handler.go:66.16,69.3 2 1
github.com/usdigitalresponse/usdr-gost/grants_ingest_pipeline/code/gosrc/cmd/split_grants_gov_xml_db/main.go:27.13,29.16 2 0
github.com/usdigitalresponse/usdr-gost/grants_ingest_pipeline/code/gosrc/cmd/split_grants_gov_xml_db/main.go:32.2,35.93 3 0
github.com/usdigitalresponse/usdr-gost/grants_ingest_pipeline/code/gosrc/cmd/split_grants_gov_xml_db/main.go:29.16,31.3 1 0
github.com/usdigitalresponse/usdr-gost/grants_ingest_pipeline/code/gosrc/cmd/split_grants_gov_xml_db/main.go:35.93,37.17 2 0
github.com/usdigitalresponse/usdr-gost/grants_ingest_pipeline/code/gosrc/cmd/split_grants_gov_xml_db/main.go:40.3,41.52 2 0
github.com/usdigitalresponse/usdr-gost/grants_ingest_pipeline/code/gosrc/cmd/split_grants_gov_xml_db/main.go:37.17,39.4 1 0
github.com/usdigitalresponse/usdr-gost/grants_ingest_pipeline/code/gosrc/cmd/split_grants_gov_xml_db/s3.go:34.111,38.16 2 8
github.com/usdigitalresponse/usdr-gost/grants_ingest_pipeline/code/gosrc/cmd/split_grants_gov_xml_db/s3.go:45.2,45.37 1 4
github.com/usdigitalresponse/usdr-gost/grants_ingest_pipeline/code/gosrc/cmd/split_grants_gov_xml_db/s3.go:38.16,40.84 2 4
github.com/usdigitalresponse/usdr-gost/grants_ingest_pipeline/code/gosrc/cmd/split_grants_gov_xml_db/s3.go:43.3,43.18 1 1
github.com/usdigitalresponse/usdr-gost/grants_ingest_pipeline/code/gosrc/cmd/split_grants_gov_xml_db/s3.go:40.84,42.4 1 3
github.com/usdigitalresponse/usdr-gost/grants_ingest_pipeline/code/gosrc/cmd/split_grants_gov_xml_db/s3.go:51.99,59.2 2 5
github.com/usdigitalresponse/usdr-gost/grants_ingest_pipeline/code/gosrc/cmd/split_grants_gov_xml_db/s3.go:80.128,85.16 2 10
github.com/usdigitalresponse/usdr-gost/grants_ingest_pipeline/code/gosrc/cmd/split_grants_gov_xml_db/s3.go:89.2,97.20 2 7
github.com/usdigitalresponse/usdr-gost/grants_ingest_pipeline/code/gosrc/cmd/split_grants_gov_xml_db/s3.go:85.16,87.3 1 3
github.com/usdigitalresponse/usdr-gost/grants_ingest_pipeline/code/gosrc/cmd/split_grants_gov_xml_db/s3.go:104.55,105.22 1 40
github.com/usdigitalresponse/usdr-gost/grants_ingest_pipeline/code/gosrc/cmd/split_grants_gov_xml_db/s3.go:110.2,110.61 1 40
github.com/usdigitalresponse/usdr-gost/grants_ingest_pipeline/code/gosrc/cmd/split_grants_gov_xml_db/s3.go:143.2,145.73 3 40
github.com/usdigitalresponse/usdr-gost/grants_ingest_pipeline/code/gosrc/cmd/split_grants_gov_xml_db/s3.go:150.2,150.15 1 24
github.com/usdigitalresponse/usdr-gost/grants_ingest_pipeline/code/gosrc/cmd/split_grants_gov_xml_db/s3.go:105.22,107.3 1 0
github.com/usdigitalresponse/usdr-gost/grants_ingest_pipeline/code/gosrc/cmd/split_grants_gov_xml_db/s3.go:110.61,113.37 3 40
github.com/usdigitalresponse/usdr-gost/grants_ingest_pipeline/code/gosrc/cmd/split_grants_gov_xml_db/s3.go:116.3,121.17 2 40
github.com/usdigitalresponse/usdr-gost/grants_ingest_pipeline/code/gosrc/cmd/split_grants_gov_xml_db/s3.go:124.3,130.7 5 40
github.com/usdigitalresponse/usdr-gost/grants_ingest_pipeline/code/gosrc/cmd/split_grants_gov_xml_db/s3.go:140.3,140.28 1 40
github.com/usdigitalresponse/usdr-gost/grants_ingest_pipeline/code/gosrc/cmd/split_grants_gov_xml_db/s3.go:113.37,115.4 1 13
github.com/usdigitalresponse/usdr-gost/grants_ingest_pipeline/code/gosrc/cmd/split_grants_gov_xml_db/s3.go:121.17,123.4 1 0
github.com/usdigitalresponse/usdr-gost/grants_ingest_pipeline/code/gosrc/cmd/split_grants_gov_xml_db/s3.go:130.7,133.18 3 78
github.com/usdigitalresponse/usdr-gost/grants_ingest_pipeline/code/gosrc/cmd/split_grants_gov_xml_db/s3.go:133.18,134.22 1 40
github.com/usdigitalresponse/usdr-gost/grants_ingest_pipeline/code/gosrc/cmd/split_grants_gov_xml_db/s3.go:137.5,137.18 1 0
github.com/usdigitalresponse/usdr-gost/grants_ingest_pipeline/code/gosrc/cmd/split_grants_gov_xml_db/s3.go:134.22,135.11 1 40
github.com/usdigitalresponse/usdr-gost/grants_ingest_pipeline/code/gosrc/cmd/split_grants_gov_xml_db/s3.go:145.73,148.3 1 16
github.com/usdigitalresponse/usdr-gost/grants_ingest_pipeline/code/gosrc/cmd/split_grants_gov_xml_db/handler.go:30.44,32.2 1 6
github.com/usdigitalresponse/usdr-gost/grants_ingest_pipeline/code/gosrc/cmd/split_grants_gov_xml_db/handler.go:45.97,47.53 1 7
github.com/usdigitalresponse/usdr-gost/grants_ingest_pipeline/code/gosrc/cmd/split_grants_gov_xml_db/handler.go:53.2,57.48 3 7
github.com/usdigitalresponse/usdr-gost/grants_ingest_pipeline/code/gosrc/cmd/split_grants_gov_xml_db/handler.go:68.2,69.41 2 7
github.com/usdigitalresponse/usdr-gost/grants_ingest_pipeline/code/gosrc/cmd/split_grants_gov_xml_db/handler.go:93.2,100.42 4 7
github.com/usdigitalresponse/usdr-gost/grants_ingest_pipeline/code/gosrc/cmd/split_grants_gov_xml_db/handler.go:116.2,116.12 1 2
github.com/usdigitalresponse/usdr-gost/grants_ingest_pipeline/code/gosrc/cmd/split_grants_gov_xml_db/handler.go:47.53,49.3 1 7
github.com/usdigitalresponse/usdr-gost/grants_ingest_pipeline/code/gosrc/cmd/split_grants_gov_xml_db/handler.go:57.48,58.22 1 7
github.com/usdigitalresponse/usdr-gost/grants_ingest_pipeline/code/gosrc/cmd/split_grants_gov_xml_db/handler.go:58.22,60.4 1 7
github.com/usdigitalresponse/usdr-gost/grants_ingest_pipeline/code/gosrc/cmd/split_grants_gov_xml_db/handler.go:69.41,77.17 6 8
github.com/usdigitalresponse/usdr-gost/grants_ingest_pipeline/code/gosrc/cmd/split_grants_gov_xml_db/handler.go:82.3,82.66 1 6
github.com/usdigitalresponse/usdr-gost/grants_ingest_pipeline/code/gosrc/cmd/split_grants_gov_xml_db/handler.go:88.3,88.67 1 4
github.com/usdigitalresponse/usdr-gost/grants_ingest_pipeline/code/gosrc/cmd/split_grants_gov_xml_db/handler.go:77.17,80.12 3 2
github.com/usdigitalresponse/usdr-gost/grants_ingest_pipeline/code/gosrc/cmd/split_grants_gov_xml_db/handler.go:82.66,85.12 3 2
github.com/usdigitalresponse/usdr-gost/grants_ingest_pipeline/code/gosrc/cmd/split_grants_gov_xml_db/handler.go:100.42,102.26 2 5
github.com/usdigitalresponse/usdr-gost/grants_ingest_pipeline/code/gosrc/cmd/split_grants_gov_xml_db/handler.go:105.3,105.28 1 5
github.com/usdigitalresponse/usdr-gost/grants_ingest_pipeline/code/gosrc/cmd/split_grants_gov_xml_db/handler.go:108.3,112.13 2 5
github.com/usdigitalresponse/usdr-gost/grants_ingest_pipeline/code/gosrc/cmd/split_grants_gov_xml_db/handler.go:102.26,104.4 1 5
github.com/usdigitalresponse/usdr-gost/grants_ingest_pipeline/code/gosrc/cmd/split_grants_gov_xml_db/handler.go:105.28,107.4 1 2
github.com/usdigitalresponse/usdr-gost/grants_ingest_pipeline/code/gosrc/cmd/split_grants_gov_xml_db/handler.go:123.87,125.6 2 6
github.com/usdigitalresponse/usdr-gost/grants_ingest_pipeline/code/gosrc/cmd/split_grants_gov_xml_db/handler.go:153.2,154.12 2 4
github.com/usdigitalresponse/usdr-gost/grants_ingest_pipeline/code/gosrc/cmd/split_grants_gov_xml_db/handler.go:125.6,127.35 1 33
github.com/usdigitalresponse/usdr-gost/grants_ingest_pipeline/code/gosrc/cmd/split_grants_gov_xml_db/handler.go:132.3,133.17 2 33
github.com/usdigitalresponse/usdr-gost/grants_ingest_pipeline/code/gosrc/cmd/split_grants_gov_xml_db/handler.go:143.3,144.56 2 28
github.com/usdigitalresponse/usdr-gost/grants_ingest_pipeline/code/gosrc/cmd/split_grants_gov_xml_db/handler.go:127.35,130.4 2 0
github.com/usdigitalresponse/usdr-gost/grants_ingest_pipeline/code/gosrc/cmd/split_grants_gov_xml_db/handler.go:133.17,134.21 1 5
github.com/usdigitalresponse/usdr-gost/grants_ingest_pipeline/code/gosrc/cmd/split_grants_gov_xml_db/handler.go:138.4,139.14 2 1
github.com/usdigitalresponse/usdr-gost/grants_ingest_pipeline/code/gosrc/cmd/split_grants_gov_xml_db/handler.go:134.21,136.10 1 4
github.com/usdigitalresponse/usdr-gost/grants_ingest_pipeline/code/gosrc/cmd/split_grants_gov_xml_db/handler.go:144.56,146.61 2 7
github.com/usdigitalresponse/usdr-gost/grants_ingest_pipeline/code/gosrc/cmd/split_grants_gov_xml_db/handler.go:150.4,150.21 1 6
github.com/usdigitalresponse/usdr-gost/grants_ingest_pipeline/code/gosrc/cmd/split_grants_gov_xml_db/handler.go:146.61,149.5 2 1
github.com/usdigitalresponse/usdr-gost/grants_ingest_pipeline/code/gosrc/cmd/split_grants_gov_xml_db/handler.go:162.100,163.31 1 7
github.com/usdigitalresponse/usdr-gost/grants_ingest_pipeline/code/gosrc/cmd/split_grants_gov_xml_db/handler.go:172.2,172.6 1 7
github.com/usdigitalresponse/usdr-gost/grants_ingest_pipeline/code/gosrc/cmd/split_grants_gov_xml_db/handler.go:163.31,168.3 4 1
github.com/usdigitalresponse/usdr-gost/grants_ingest_pipeline/code/gosrc/cmd/split_grants_gov_xml_db/handler.go:172.6,173.10 1 13
github.com/usdigitalresponse/usdr-gost/grants_ingest_pipeline/code/gosrc/cmd/split_grants_gov_xml_db/handler.go:174.21,175.25 1 1
github.com/usdigitalresponse/usdr-gost/grants_ingest_pipeline/code/gosrc/cmd/split_grants_gov_xml_db/handler.go:177.11,179.11 1 12
github.com/usdigitalresponse/usdr-gost/grants_ingest_pipeline/code/gosrc/cmd/split_grants_gov_xml_db/handler.go:180.33,181.12 1 12
github.com/usdigitalresponse/usdr-gost/grants_ingest_pipeline/code/gosrc/cmd/split_grants_gov_xml_db/handler.go:185.5,185.69 1 6
github.com/usdigitalresponse/usdr-gost/grants_ingest_pipeline/code/gosrc/cmd/split_grants_gov_xml_db/handler.go:189.22,190.26 1 0
github.com/usdigitalresponse/usdr-gost/grants_ingest_pipeline/code/gosrc/cmd/split_grants_gov_xml_db/handler.go:181.12,184.6 2 6
github.com/usdigitalresponse/usdr-gost/grants_ingest_pipeline/code/gosrc/cmd/split_grants_gov_xml_db/handler.go:185.69,187.6 1 1
github.com/usdigitalresponse/usdr-gost/grants_ingest_pipeline/code/gosrc/cmd/split_grants_gov_xml_db/handler.go:201.85,206.16 3 6
github.com/usdigitalresponse/usdr-gost/grants_ingest_pipeline/code/gosrc/cmd/split_grants_gov_xml_db/handler.go:210.2,217.16 6 5
github.com/usdigitalresponse/usdr-gost/grants_ingest_pipeline/code/gosrc/cmd/split_grants_gov_xml_db/handler.go:221.2,222.31 2 5
github.com/usdigitalresponse/usdr-gost/grants_ingest_pipeline/code/gosrc/cmd/split_grants_gov_xml_db/handler.go:232.2,233.16 2 3
github.com/usdigitalresponse/usdr-gost/grants_ingest_pipeline/code/gosrc/cmd/split_grants_gov_xml_db/handler.go:238.2,238.97 1 3
github.com/usdigitalresponse/usdr-gost/grants_ingest_pipeline/code/gosrc/cmd/split_grants_gov_xml_db/handler.go:243.2,244.12 2 3
github.com/usdigitalresponse/usdr-gost/grants_ingest_pipeline/code/gosrc/cmd/split_grants_gov_xml_db/handler.go:206.16,209.3 2 1
github.com/usdigitalresponse/usdr-gost/grants_ingest_pipeline/code/gosrc/cmd/split_grants_gov_xml_db/handler.go:217.16,220.3 2 0
github.com/usdigitalresponse/usdr-gost/grants_ingest_pipeline/code/gosrc/cmd/split_grants_gov_xml_db/handler.go:222.31,223.45 1 3
github.com/usdigitalresponse/usdr-gost/grants_ingest_pipeline/code/gosrc/cmd/split_grants_gov_xml_db/handler.go:227.3,227.86 1 1
github.com/usdigitalresponse/usdr-gost/grants_ingest_pipeline/code/gosrc/cmd/split_grants_gov_xml_db/handler.go:223.45,226.4 2 2
github.com/usdigitalresponse/usdr-gost/grants_ingest_pipeline/code/gosrc/cmd/split_grants_gov_xml_db/handler.go:228.8,230.3 1 2
github.com/usdigitalresponse/usdr-gost/grants_ingest_pipeline/code/gosrc/cmd/split_grants_gov_xml_db/handler.go:233.16,236.3 2 0
github.com/usdigitalresponse/usdr-gost/grants_ingest_pipeline/code/gosrc/cmd/split_grants_gov_xml_db/handler.go:238.97,241.3 2 0
